e:\admin\downloads\trainingframework\newtrainingframework\newtrainingframework\debug\newtrainingframework.pch
e:\admin\downloads\trainingframework\newtrainingframework\newtrainingframework\debug\vc140.pdb
e:\admin\downloads\trainingframework\newtrainingframework\newtrainingframework\debug\vc140.idb
e:\admin\downloads\trainingframework\newtrainingframework\newtrainingframework\debug\stdafx.obj
e:\admin\downloads\trainingframework\newtrainingframework\newtrainingframework\debug\newtrainingframework.obj
e:\admin\downloads\trainingframework\newtrainingframework\newtrainingframework\debug\shaders.obj
d:\game_dev\gameloftcourse\triangle\newtrainingframework\debug\newtrainingframework.pch
d:\game_dev\gameloftcourse\triangle\newtrainingframework\debug\vc140.pdb
d:\game_dev\gameloftcourse\triangle\newtrainingframework\debug\vc140.idb
d:\game_dev\gameloftcourse\triangle\newtrainingframework\debug\stdafx.obj
d:\game_dev\gameloftcourse\triangle\newtrainingframework\debug\newtrainingframework.obj
d:\game_dev\gameloftcourse\triangle\newtrainingframework\debug\shaders.obj
d:\game_dev\gameloftcourse\model\newtrainingframework\debug\newtrainingframework.pch
d:\game_dev\gameloftcourse\model\newtrainingframework\debug\vc140.pdb
d:\game_dev\gameloftcourse\model\newtrainingframework\debug\vc140.idb
d:\game_dev\gameloftcourse\model\newtrainingframework\debug\stdafx.obj
d:\game_dev\gameloftcourse\model\newtrainingframework\debug\shaders.obj
d:\game_dev\gameloftcourse\model\newtrainingframework\debug\newtrainingframework.obj
e:\admin\downloads\trainingframework\newtrainingframework\bin\newtrainingframework.ilk
e:\admin\downloads\trainingframework\newtrainingframework\bin\newtrainingframework.exe
e:\admin\downloads\trainingframework\newtrainingframework\bin\newtrainingframework.pdb
d:\game_dev\gameloftcourse\triangle\bin\newtrainingframework.ilk
d:\game_dev\gameloftcourse\triangle\bin\newtrainingframework.exe
d:\game_dev\gameloftcourse\triangle\bin\newtrainingframework.pdb
d:\game_dev\gameloftcourse\model\bin\newtrainingframework.ilk
d:\game_dev\gameloftcourse\model\bin\newtrainingframework.exe
d:\game_dev\gameloftcourse\model\bin\newtrainingframework.pdb
d:\game_dev\gameloftcourse\model\newtrainingframework\debug\resolveassemblyreference.cache
d:\game_dev\gameloftcourse\model\newtrainingframework\debug\newtrain.fc024ec8.tlog\cl.command.1.tlog
d:\game_dev\gameloftcourse\model\newtrainingframework\debug\newtrain.fc024ec8.tlog\cl.read.1.tlog
d:\game_dev\gameloftcourse\model\newtrainingframework\debug\newtrain.fc024ec8.tlog\cl.write.1.tlog
d:\game_dev\gameloftcourse\model\newtrainingframework\debug\newtrain.fc024ec8.tlog\link.command.1.tlog
d:\game_dev\gameloftcourse\model\newtrainingframework\debug\newtrain.fc024ec8.tlog\link.read.1.tlog
d:\game_dev\gameloftcourse\model\newtrainingframework\debug\newtrain.fc024ec8.tlog\link.write.1.tlog
