e:\admin\downloads\trainingframework\newtrainingframework\utilities\debug\utilities.pch
e:\admin\downloads\trainingframework\newtrainingframework\utilities\debug\utilities.pdb
e:\admin\downloads\trainingframework\newtrainingframework\utilities\debug\utilities.idb
e:\admin\downloads\trainingframework\newtrainingframework\utilities\debug\stdafx.obj
e:\admin\downloads\trainingframework\newtrainingframework\utilities\debug\esshader.obj
e:\admin\downloads\trainingframework\newtrainingframework\utilities\debug\esutil.obj
e:\admin\downloads\trainingframework\newtrainingframework\utilities\debug\esutil_win.obj
e:\admin\downloads\trainingframework\newtrainingframework\utilities\debug\math.obj
e:\admin\downloads\trainingframework\newtrainingframework\utilities\debug\memorymanager.obj
e:\admin\downloads\trainingframework\newtrainingframework\utilities\debug\memoryoperators.obj
e:\admin\downloads\trainingframework\newtrainingframework\utilities\debug\tga.obj
d:\game_dev\gameloftcourse\triangle\utilities\debug\utilities.pch
d:\game_dev\gameloftcourse\triangle\utilities\debug\utilities.pdb
d:\game_dev\gameloftcourse\triangle\utilities\debug\utilities.idb
d:\game_dev\gameloftcourse\triangle\utilities\debug\stdafx.obj
d:\game_dev\gameloftcourse\triangle\utilities\debug\esshader.obj
d:\game_dev\gameloftcourse\triangle\utilities\debug\esutil.obj
d:\game_dev\gameloftcourse\triangle\utilities\debug\esutil_win.obj
d:\game_dev\gameloftcourse\triangle\utilities\debug\math.obj
d:\game_dev\gameloftcourse\triangle\utilities\debug\memorymanager.obj
d:\game_dev\gameloftcourse\triangle\utilities\debug\memoryoperators.obj
d:\game_dev\gameloftcourse\triangle\utilities\debug\tga.obj
d:\game_dev\gameloftcourse\model\utilities\debug\utilities.pch
d:\game_dev\gameloftcourse\model\utilities\debug\utilities.pdb
d:\game_dev\gameloftcourse\model\utilities\debug\utilities.idb
d:\game_dev\gameloftcourse\model\utilities\debug\stdafx.obj
d:\game_dev\gameloftcourse\model\utilities\debug\esshader.obj
d:\game_dev\gameloftcourse\model\utilities\debug\esutil.obj
d:\game_dev\gameloftcourse\model\utilities\debug\esutil_win.obj
d:\game_dev\gameloftcourse\model\utilities\debug\math.obj
d:\game_dev\gameloftcourse\model\utilities\debug\memorymanager.obj
d:\game_dev\gameloftcourse\model\utilities\debug\memoryoperators.obj
d:\game_dev\gameloftcourse\model\utilities\debug\tga.obj
e:\admin\downloads\trainingframework\newtrainingframework\debug\utilities.lib
d:\game_dev\gameloftcourse\triangle\debug\utilities.lib
d:\game_dev\gameloftcourse\model\debug\utilities.lib
d:\game_dev\gameloftcourse\model\debug\utilities.pdb
d:\game_dev\gameloftcourse\model\utilities\debug\utilities.tlog\cl.command.1.tlog
d:\game_dev\gameloftcourse\model\utilities\debug\utilities.tlog\cl.read.1.tlog
d:\game_dev\gameloftcourse\model\utilities\debug\utilities.tlog\cl.write.1.tlog
d:\game_dev\gameloftcourse\model\utilities\debug\utilities.tlog\lib-link.read.1.tlog
d:\game_dev\gameloftcourse\model\utilities\debug\utilities.tlog\lib-link.write.1.tlog
d:\game_dev\gameloftcourse\model\utilities\debug\utilities.tlog\lib.command.1.tlog
